[22:41:42] [INIT] KubeJS 2001.6.4-build.138; MC 2001 forge
[22:41:42] [INIT] Loaded plugins:
[22:41:42] [INIT] - dev.latvian.mods.kubejs.forge.BuiltinKubeJSForgePlugin
[22:41:42] [INIT] - dev.ftb.mods.ftbxmodcompat.ftbquests.kubejs.KubeJSIntegration
[22:41:42] [INIT] - dev.ftb.mods.ftbxmodcompat.ftbchunks.kubejs.FTBChunksKubeJSPlugin
[22:41:42] [INIT] - dev.ftb.mods.ftbxmodcompat.ftbteams.kubejs.FTBTeamsKubeJSPlugin
[22:41:42] [INIT] - com.tom.createores.kubejs.KubeJSExcavation
[22:41:42] [INIT] - com.almostreliable.morejs.Plugin
[22:41:42] [INIT] - com.blakebr0.cucumber.compat.kubejs.CucumberKubeJSPlugin
[22:41:42] [INIT] - com.almostreliable.ponderjs.PonderJSPlugin
[22:41:43] [INFO] Loaded script startup_scripts:custom_additions.js in 0.087 s
[22:41:43] [INFO] mekanismStartup.js#16: Loaded Java class 'mekanism.api.chemical.slurry.Slurry'
[22:41:43] [INFO] mekanismStartup.js#17: Loaded Java class 'mekanism.api.chemical.slurry.SlurryBuilder'
[22:41:43] [INFO] mekanismStartup.js#18: Loaded Java class 'mekanism.api.chemical.gas.Gas'
[22:41:43] [INFO] mekanismStartup.js#19: Loaded Java class 'mekanism.api.chemical.gas.GasBuilder'
[22:41:43] [INFO] Loaded script startup_scripts:mekanismStartup.js in 0.038 s
[22:41:43] [INFO] Loaded script startup_scripts:AE2/Universal_Press.js in 0.0 s
[22:41:43] [INFO] farmingForBlockheads.js#8: Loaded Java class 'net.blay09.mods.farmingforblockheads.api.FarmingForBlockheadsAPI'
[22:41:43] [INFO] Loaded script startup_scripts:farmingForBlockheads.js in 0.013 s
[22:41:43] [INFO] Loaded script startup_scripts:worldgen.js in 0.001 s
[22:41:43] [INFO] mysticalagriculture.js#1: Loaded Java class 'com.blakebr0.mysticalagriculture.api.MysticalAgricultureAPI'
[22:41:43] [INFO] Loaded script startup_scripts:mysticalagriculture.js in 0.007 s
[22:41:43] [INFO] Loaded script startup_scripts:settings.js in 0.003 s
[22:41:43] [INFO] Loaded 7/7 KubeJS startup scripts in 0.666 s with 0 errors and 0 warnings
